[2022-01-12 13:23:34,004] || NEW-ORDER || New order created, order-id: 0000001
[2022-01-12 18:37:38,325] || NEW-ORDER || New order created, order-id: 0000001
[2022-05-12 18:37:39,988] || NEW-ORDER || New order created, order-id: 0000002
[2022-05-14 18:37:43,331] || NEW-ORDER || New order created, order-id: 0000003
[2022-05-14 18:37:46,675] || NEW-ORDER || New order created, order-id: 0000004
[2022-05-31 18:37:48,596] || NEW-ORDER || New order created, order-id: 0000005
[2022-05-31 18:37:54,550] || ORDER-CHECK-IN || The customer of Order |0000005| has checked-in
[2022-05-31 18:38:01,829] || ORDER-CHECK-IN || The customer of Order |0000002| has checked-in
[2022-05-31 18:38:19,261] || ORDER-CHECK-IN || The customer of Order |0000004| has checked-in
[2022-05-31 18:38:28,720] || ORDER-CHECK-OUT || The customer of Order |0000005| has checked-out
[2022-05-31 18:41:59,608] || NEW-ORDER || New order created, order-id: 0000001
[2022-05-31 18:42:03,327] || NEW-ORDER || New order created, order-id: 0000002
[2022-05-31 18:42:05,501] || NEW-ORDER || New order created, order-id: 0000003
[2022-05-31 18:42:10,435] || ORDER-CHECK-IN || The customer of Order |0000002| has checked-in
[2022-05-31 18:42:26,111] || ORDER-CHECK-IN || The customer of Order |0000001| has checked-in
[2022-05-31 18:43:24,212] || ORDER-CHECK-OUT || The customer of Order |0000001| has checked-out
[2022-10-14 15:35:35,940] || NEW-ORDER || New order created, order-id: 0000001
[2022-10-14 15:38:21,646] || NEW-ORDER || New order created, order-id: 0000001
[2022-10-14 15:39:19,275] || NEW-ORDER || New order created, order-id: 0000001
[2022-10-14 15:39:40,278] || NEW-ORDER || New order created, order-id: 0000002
[2022-10-14 15:39:51,000] || NEW-ORDER || New order created, order-id: 0000003
[2023-01-25 17:03:05,870] || NEW-ORDER || New order created, order-id: 0000001
[2023-01-25 17:03:58,176] || NEW-ORDER || New order created, order-id: 0000002
[2023-01-25 17:04:08,184] || NEW-ORDER || New order created, order-id: 0000003
[2023-01-25 17:04:13,094] || NEW-ORDER || New order created, order-id: 0000004
[2023-01-25 17:04:16,148] || NEW-ORDER || New order created, order-id: 0000005
[2023-01-25 17:04:16,721] || NEW-ORDER || New order created, order-id: 0000006
[2023-01-25 17:04:17,301] || NEW-ORDER || New order created, order-id: 0000007
[2023-01-25 17:04:18,581] || NEW-ORDER || New order created, order-id: 0000008
[2023-01-25 17:07:41,440] || NEW-ORDER || New order created, order-id: 0000001
[2023-01-25 17:13:29,478] || NEW-ORDER || New order created, order-id: 0000001
[2023-01-25 17:16:14,404] || NEW-ORDER || New order created, order-id: 0000001
[2023-01-25 17:18:58,881] || NEW-ORDER || New order created, order-id: 0000001
[2023-01-25 17:21:34,982] || NEW-ORDER || New order created, order-id: 0000001
[2023-02-07 14:31:44,655] || NEW-ORDER || New order created, order-id: 0000001
[2023-02-07 14:38:30,263] || NEW-ORDER || New order created, order-id: 0000001
[2023-02-07 14:40:05,752] || NEW-ORDER || New order created, order-id: 0000001
[2023-02-07 14:48:39,427] || NEW-ORDER || New order created, order-id: 0000001
[2023-02-07 14:49:21,338] || NEW-ORDER || New order created, order-id: 0000001
[2023-02-08 15:35:09,516] || NEW-ORDER || New order created, order-id: 0000001
[2023-02-08 15:39:58,721] || NEW-ORDER || New order created, order-id: 0000001
[2023-02-08 15:42:54,227] || NEW-ORDER || New order created, order-id: 00000001
[2023-02-08 15:43:25,953] || NEW-ORDER || New order created, order-id: 00000001
[2023-02-08 15:45:00,986] || NEW-ORDER || New order created, order-id: 00000001
[2023-02-08 22:47:34,321] || NEW-ORDER || New order created, order-id: 00000001
[2023-02-08 22:48:29,546] || NEW-ORDER || New order created, order-id: 00000001
[2023-02-08 22:48:42,483] || NEW-ORDER || New order created, order-id: 00000002
[2023-02-08 22:56:02,494] || NEW-ORDER || New order created, order-id: 00000001
[2023-02-08 22:56:07,531] || NEW-ORDER || New order created, order-id: 00000002
[2023-02-08 22:56:57,392] || NEW-ORDER || New order created, order-id: 00000001
[2023-02-08 22:57:01,121] || NEW-ORDER || New order created, order-id: 00000002
[2023-02-08 22:57:05,321] || NEW-ORDER || New order created, order-id: 00000003
[2023-02-08 22:58:42,077] || NEW-ORDER || New order created, order-id: 00000001
[2023-02-08 22:58:48,174] || NEW-ORDER || New order created, order-id: 00000002
[2023-02-08 22:58:54,366] || NEW-ORDER || New order created, order-id: 00000003
[2023-02-08 22:59:25,823] || NEW-ORDER || New order created, order-id: 00000001
[2023-02-08 22:59:29,873] || NEW-ORDER || New order created, order-id: 00000002
[2023-02-08 22:59:34,567] || NEW-ORDER || New order created, order-id: 00000003
[2023-02-08 23:00:08,060] || NEW-ORDER || New order created, order-id: 00000001
[2023-02-08 23:00:09,604] || NEW-ORDER || New order created, order-id: 00000002
[2023-02-08 23:00:12,757] || NEW-ORDER || New order created, order-id: 00000003
[2023-02-08 23:03:12,180] || NEW-ORDER || New order created, order-id: 00000001
[2023-02-08 23:03:18,570] || NEW-ORDER || New order created, order-id: 00000002
[2023-02-08 23:03:26,851] || NEW-ORDER || New order created, order-id: 00000003
[2023-02-22 19:28:22,017] || NEW-ORDER || New order created, order-id: 00000001
[2023-02-22 19:46:20,169] || NEW-ORDER || New order created, order-id: 00000001
[2023-02-22 19:46:44,117] || NEW-ORDER || New order created, order-id: 00000001
[2023-02-22 19:54:09,876] || NEW-ORDER || New order created, order-id: 00000001
[2023-02-22 19:59:28,171] || NEW-ORDER || New order created, order-id: 00000001
[2023-02-22 19:59:56,580] || NEW-ORDER || New order created, order-id: 00000001
[2023-02-22 20:00:31,990] || NEW-ORDER || New order created, order-id: 00000001
[2023-02-22 20:01:46,438] || NEW-ORDER || New order created, order-id: 00000001
[2023-02-22 20:02:08,450] || NEW-ORDER || New order created, order-id: 00000001
[2023-02-22 20:02:33,610] || NEW-ORDER || New order created, order-id: 00000001
[2023-02-22 20:08:38,954] || NEW-ORDER || New order created, order-id: 00000001
[2023-02-22 20:08:56,196] || NEW-ORDER || New order created, order-id: 00000001
[2023-02-22 20:12:16,584] || NEW-ORDER || New order created, order-id: 00000001
[2023-02-22 20:13:26,871] || NEW-ORDER || New order created, order-id: 00000001
[2023-02-22 20:14:38,295] || NEW-ORDER || New order created, order-id: 00000001
[2023-02-22 20:16:22,541] || NEW-ORDER || New order created, order-id: 00000001
[2023-02-22 20:17:53,261] || NEW-ORDER || New order created, order-id: 00000001
[2023-02-22 20:18:50,303] || NEW-ORDER || New order created, order-id: 00000001
[2023-02-22 20:19:00,774] || NEW-ORDER || New order created, order-id: 00000002
[2023-02-22 20:21:53,453] || NEW-ORDER || New order created, order-id: 00000001
[2023-02-22 20:22:59,933] || NEW-ORDER || New order created, order-id: 00000001
[2023-02-22 20:23:24,737] || NEW-ORDER || New order created, order-id: 00000002
[2023-02-22 20:23:48,637] || NEW-ORDER || New order created, order-id: 00000001
[2023-02-22 20:24:18,159] || NEW-ORDER || New order created, order-id: 00000001
[2023-02-22 20:24:32,319] || NEW-ORDER || New order created, order-id: 00000001
[2023-02-22 20:25:05,076] || NEW-ORDER || New order created, order-id: 00000001
[2023-02-22 20:26:01,410] || NEW-ORDER || New order created, order-id: 00000001
[2023-02-22 20:26:56,263] || NEW-ORDER || New order created, order-id: 00000001
[2023-02-22 20:29:38,652] || NEW-ORDER || New order created, order-id: 00000001
[2023-02-22 20:29:56,204] || NEW-ORDER || New order created, order-id: 00000001
[2023-02-22 20:30:33,976] || NEW-ORDER || New order created, order-id: 00000001
[2023-02-26 17:20:44,698] || NEW-ORDER || New order created, order-id: 00000001
[2023-02-26 17:22:12,585] || NEW-ORDER || New order created, order-id: 00000001
[2023-02-26 17:51:41,155] || NEW-ORDER || New order created, order-id: 00000001
[2023-02-26 17:55:34,638] || NEW-ORDER || New order created, order-id: 00000001
[2023-02-26 17:56:47,693] || NEW-ORDER || New order created, order-id: 00000001
[2023-02-26 17:59:37,914] || NEW-ORDER || New order created, order-id: 00000001
[2023-02-26 18:00:49,403] || NEW-ORDER || New order created, order-id: 00000001
[2023-02-26 18:02:14,777] || NEW-ORDER || New order created, order-id: 00000001
[2023-02-26 18:03:19,561] || NEW-ORDER || New order created, order-id: 00000001
[2023-02-26 18:11:27,445] || NEW-ORDER || New order created, order-id: 00000001
[2023-02-26 18:24:55,819] || NEW-ORDER || New order created, order-id: 00000001
[2023-02-26 18:31:55,403] || NEW-ORDER || New order created, order-id: 00000001
[2023-02-26 18:32:22,899] || NEW-ORDER || New order created, order-id: 00000001
[2023-02-26 18:33:25,016] || NEW-ORDER || New order created, order-id: 00000001
[2023-02-26 18:34:36,021] || NEW-ORDER || New order created, order-id: 00000001
[2023-02-26 18:47:12,660] || NEW-ORDER || New order created, order-id: 00000001
[2023-02-26 18:49:12,246] || NEW-ORDER || New order created, order-id: 00000001
[2023-02-26 18:51:19,882] || NEW-ORDER || New order created, order-id: 00000001
[2023-02-26 18:58:48,404] || NEW-ORDER || New order created, order-id: 00000001
[2023-03-03 10:06:21,194] || NEW-ORDER || New order created, order-id: 00000001
[2023-03-03 10:07:06,047] || NEW-ORDER || New order created, order-id: 00000001
[2023-03-03 10:16:48,821] || NEW-ORDER || New order created, order-id: 00000001
[2023-03-03 10:17:58,366] || NEW-ORDER || New order created, order-id: 00000001
[2023-03-03 10:18:35,123] || NEW-ORDER || New order created, order-id: 00000001
[2023-03-03 10:19:39,780] || NEW-ORDER || New order created, order-id: 00000001
[2023-03-03 10:34:26,219] || NEW-ORDER || New order created, order-id: 00000001
[2023-03-03 10:34:34,811] || ORDER-CHECK-IN || The customer of Order |00000001| has checked-in
[2023-03-03 10:35:17,494] || NEW-ORDER || New order created, order-id: 00000001
[2023-03-03 10:35:21,726] || ORDER-CHECK-IN || The customer of Order |00000001| has checked-in
[2023-03-03 10:37:03,636] || NEW-ORDER || New order created, order-id: 00000001
[2023-03-03 10:37:06,794] || ORDER-CHECK-IN || The customer of Order |00000001| has checked-in
[2023-03-03 10:37:47,408] || NEW-ORDER || New order created, order-id: 00000001
[2023-03-03 10:37:50,700] || ORDER-CHECK-IN || The customer of Order |00000001| has checked-in
[2023-03-03 10:37:59,559] || ORDER-CHECK-IN || The customer of Order |00000001| has checked-in
[2023-03-03 10:44:03,924] || NEW-ORDER || New order created, order-id: 00000001
[2023-03-03 10:44:07,557] || ORDER-CHECK-IN || The customer of Order |00000001| has checked-in
[2023-03-03 10:44:08,605] || ORDER-CHECK-OUT || The customer of Order |00000001| has checked-out
[2023-03-03 10:45:52,701] || NEW-ORDER || New order created, order-id: 00000001
[2023-03-03 10:45:56,441] || ORDER-CHECK-IN || The customer of Order |00000001| has checked-in
[2023-03-03 10:45:57,990] || ORDER-CHECK-OUT || The customer of Order |00000001| has checked-out
[2023-03-03 10:47:08,970] || NEW-ORDER || New order created, order-id: 00000001
[2023-03-03 10:47:12,869] || ORDER-CHECK-IN || The customer of Order |00000001| has checked-in
[2023-03-03 10:47:13,942] || ORDER-CHECK-OUT || The customer of Order |00000001| has checked-out
[2023-03-03 10:47:48,642] || NEW-ORDER || New order created, order-id: 00000001
[2023-03-03 10:47:53,960] || ORDER-CHECK-IN || The customer of Order |00000001| has checked-in
[2023-03-03 10:47:54,734] || ORDER-CHECK-OUT || The customer of Order |00000001| has checked-out
[2023-03-03 10:48:36,486] || NEW-ORDER || New order created, order-id: 00000001
[2023-03-03 10:48:47,801] || ORDER-CHECK-IN || The customer of Order |00000001| has checked-in
[2023-03-03 10:48:50,468] || ORDER-CHECK-OUT || The customer of Order |00000001| has checked-out
[2023-03-03 10:50:07,470] || NEW-ORDER || New order created, order-id: 00000001
[2023-03-03 10:50:10,439] || ORDER-CHECK-IN || The customer of Order |00000001| has checked-in
[2023-03-03 10:50:12,266] || ORDER-CHECK-IN || The customer of Order |00000001| has checked-in
[2023-03-03 10:50:13,268] || ORDER-CHECK-OUT || The customer of Order |00000001| has checked-out
[2023-03-03 11:20:08,561] || NEW-ORDER || New order created, order-id: 00000001
[2023-03-03 11:20:12,945] || ORDER-CHECK-IN || The customer of Order |00000001| has checked-in
[2023-03-03 11:20:14,264] || ORDER-CHECK-OUT || The customer of Order |00000001| has checked-out
[2023-03-03 11:20:40,627] || NEW-ORDER || New order created, order-id: 00000001
[2023-03-03 11:20:44,377] || ORDER-CHECK-IN || The customer of Order |00000001| has checked-in
[2023-03-03 11:20:46,025] || ORDER-CHECK-OUT || The customer of Order |00000001| has checked-out
[2023-03-03 11:21:30,967] || NEW-ORDER || New order created, order-id: 00000001
[2023-03-03 11:21:35,038] || ORDER-CHECK-IN || The customer of Order |00000001| has checked-in
[2023-03-03 11:21:36,452] || ORDER-CHECK-OUT || The customer of Order |00000001| has checked-out
[2023-03-03 11:23:22,360] || NEW-ORDER || New order created, order-id: 00000001
[2023-03-03 11:23:27,201] || ORDER-CHECK-IN || The customer of Order |00000001| has checked-in
[2023-03-03 11:23:28,239] || ORDER-CHECK-OUT || The customer of Order |00000001| has checked-out
[2023-03-03 11:24:05,652] || NEW-ORDER || New order created, order-id: 00000001
[2023-03-03 11:24:12,709] || ORDER-CHECK-IN || The customer of Order |00000001| has checked-in
[2023-03-03 11:24:15,739] || ORDER-CHECK-OUT || The customer of Order |00000001| has checked-out
[2023-03-03 11:25:28,234] || NEW-ORDER || New order created, order-id: 00000001
[2023-03-03 11:25:31,629] || ORDER-CHECK-IN || The customer of Order |00000001| has checked-in
[2023-03-03 11:25:32,733] || ORDER-CHECK-OUT || The customer of Order |00000001| has checked-out
[2023-03-03 11:25:48,045] || NEW-ORDER || New order created, order-id: 00000001
[2023-03-03 11:25:50,941] || ORDER-CHECK-IN || The customer of Order |00000001| has checked-in
[2023-03-03 11:25:52,958] || ORDER-CHECK-IN || The customer of Order |00000001| has checked-in
[2023-03-03 11:25:55,046] || ORDER-CHECK-IN || The customer of Order |00000001| has checked-in
[2023-03-03 11:25:56,195] || ORDER-CHECK-OUT || The customer of Order |00000001| has checked-out
[2023-03-03 11:25:58,156] || ORDER-CHECK-OUT || The customer of Order |00000001| has checked-out
[2023-03-03 11:26:02,148] || ORDER-CHECK-IN || The customer of Order |00000001| has checked-in
[2023-03-03 11:26:02,833] || ORDER-CHECK-OUT || The customer of Order |00000001| has checked-out
[2023-03-03 11:26:14,578] || NEW-ORDER || New order created, order-id: 00000001
[2023-03-03 11:26:19,403] || ORDER-CHECK-IN || The customer of Order |00000001| has checked-in
[2023-03-03 11:26:20,329] || ORDER-CHECK-OUT || The customer of Order |00000001| has checked-out
[2023-03-03 11:27:36,631] || NEW-ORDER || New order created, order-id: 00000001
[2023-03-03 11:27:40,389] || ORDER-CHECK-IN || The customer of Order |00000001| has checked-in
[2023-03-03 11:27:41,179] || ORDER-CHECK-OUT || The customer of Order |00000001| has checked-out
[2023-03-03 11:27:43,717] || ORDER-CHECK-IN || The customer of Order |00000001| has checked-in
[2023-03-03 11:27:44,409] || ORDER-CHECK-OUT || The customer of Order |00000001| has checked-out
[2023-03-03 11:30:33,250] || NEW-ORDER || New order created, order-id: 00000001
[2023-03-03 11:30:43,220] || ORDER-CHECK-IN || The customer of Order |00000001| has checked-in
[2023-03-11 19:37:00,164] || NEW-ORDER || New order created, order-id: 00000001
[2023-03-11 19:37:14,150] || ORDER-CHECK-IN || The customer of Order |00000001| has checked-in
[2023-03-11 19:37:15,417] || ORDER-CHECK-OUT || The customer of Order |00000001| has checked-out
[2023-03-11 19:37:18,214] || ORDER-CHECK-OUT || The customer of Order |00000001| has checked-out
[2023-03-11 19:37:33,789] || ORDER-CHECK-OUT || The customer of Order |00000001| has checked-out
[2023-03-11 19:37:38,052] || ORDER-CHECK-OUT || The customer of Order |00000001| has checked-out
[2023-03-11 19:37:41,050] || ORDER-CHECK-OUT || The customer of Order |00000001| has checked-out
[2023-03-11 19:38:57,129] || NEW-ORDER || New order created, order-id: 00000001
[2023-03-11 19:39:06,750] || ORDER-CHECK-IN || The customer of Order |00000001| has checked-in
[2023-03-11 19:39:07,449] || ORDER-CHECK-OUT || The customer of Order |00000001| has checked-out
[2023-03-11 19:39:13,453] || ORDER-CHECK-IN || The customer of Order |00000001| has checked-in
[2023-03-11 19:39:14,082] || ORDER-CHECK-OUT || The customer of Order |00000001| has checked-out
[2023-03-11 19:40:18,588] || NEW-ORDER || New order created, order-id: 00000001
[2023-03-11 19:40:34,888] || ORDER-CHECK-IN || The customer of Order |00000001| has checked-in
[2023-03-11 19:40:36,274] || ORDER-CHECK-OUT || The customer of Order |00000001| has checked-out
[2023-03-11 19:46:02,959] || NEW-ORDER || New order created, order-id: 00000001
[2023-03-11 19:46:08,283] || ORDER-CHECK-IN || The customer of Order |00000001| has checked-in
[2023-03-11 19:46:08,968] || ORDER-CHECK-OUT || The customer of Order |00000001| has checked-out
[2023-03-11 19:48:29,221] || NEW-ORDER || New order created, order-id: 00000001
[2023-03-11 19:50:08,003] || ORDER-CHECK-IN || The customer of Order |00000001| has checked-in
[2023-03-11 19:50:37,679] || ORDER-CHECK-OUT || The customer of Order |00000001| has checked-out
[2023-03-11 19:53:02,412] || NEW-ORDER || New order created, order-id: 00000001
[2023-03-11 19:53:08,588] || ORDER-CHECK-IN || The customer of Order |00000001| has checked-in
[2023-03-11 19:53:10,287] || ORDER-CHECK-OUT || The customer of Order |00000001| has checked-out
[2023-03-11 19:53:45,879] || NEW-ORDER || New order created, order-id: 00000001
[2023-03-11 19:53:53,745] || ORDER-CHECK-IN || The customer of Order |00000001| has checked-in
[2023-03-11 19:53:53,755] || ORDER-CHECK-OUT || The customer of Order |00000001| has checked-out
[2023-03-11 20:43:46,092] || NEW-ORDER || New order created, order-id: 00000001
[2023-03-11 20:43:54,497] || ORDER-CHECK-IN || The customer of Order |00000001| has checked-in
[2023-03-11 20:43:56,507] || ORDER-CHECK-OUT || The customer of Order |00000001| has checked-out
[2023-03-11 20:44:33,062] || NEW-ORDER || New order created, order-id: 00000001
[2023-03-11 20:44:40,137] || ORDER-CHECK-IN || The customer of Order |00000001| has checked-in
[2023-03-11 20:44:40,146] || ORDER-CHECK-OUT || The customer of Order |00000001| has checked-out
[2023-03-11 20:47:33,732] || NEW-ORDER || New order created, order-id: 00000001
[2023-03-11 20:47:43,862] || ORDER-CHECK-IN || The customer of Order |00000001| has checked-in
[2023-03-11 20:47:45,505] || ORDER-CHECK-OUT || The customer of Order |00000001| has checked-out
[2023-03-11 20:48:02,411] || ORDER-CHECK-IN || The customer of Order |00000001| has checked-in
[2023-03-11 20:48:03,869] || ORDER-CHECK-OUT || The customer of Order |00000001| has checked-out
[2023-03-11 20:48:46,865] || NEW-ORDER || New order created, order-id: 00000001
[2023-03-11 20:48:50,005] || ORDER-CHECK-IN || The customer of Order |00000001| has checked-in
[2023-03-11 20:48:50,602] || ORDER-CHECK-OUT || The customer of Order |00000001| has checked-out
[2023-03-11 20:55:31,249] || NEW-ORDER || New order created, order-id: 00000001
[2023-03-11 20:55:58,840] || NEW-ORDER || New order created, order-id: 00000001
[2023-03-11 20:56:27,789] || NEW-ORDER || New order created, order-id: 00000001
[2023-03-11 21:02:48,719] || ORDER-CHECK-IN || The customer of Order |00000001| has checked-in
[2023-03-11 21:04:10,564] || ORDER-CHECK-IN || The customer of Order |00000001| has checked-in
[2023-03-11 21:05:18,367] || ORDER-CHECK-IN || The customer of Order |00000001| has checked-in
[2023-03-11 21:07:13,016] || ORDER-CHECK-IN || The customer of Order |00000001| has checked-in
[2023-03-11 21:07:14,583] || ORDER-CHECK-OUT || The customer of Order |00000001| has checked-out
[2023-03-11 21:59:30,213] || ORDER-CHECK-IN || The customer of Order |00000001| has checked-in
[2023-03-11 21:59:46,349] || ORDER-CHECK-IN || The customer of Order |00000001| has checked-in
[2023-03-11 21:59:50,564] || ORDER-CHECK-IN || The customer of Order |00000001| has checked-in
[2023-03-11 21:59:51,338] || ORDER-CHECK-OUT || The customer of Order |00000001| has checked-out
[2023-03-11 22:01:47,557] || ORDER-CHECK-IN || The customer of Order |00000001| has checked-in
[2023-03-11 22:01:52,023] || ORDER-CHECK-OUT || The customer of Order |00000001| has checked-out
[2023-03-11 22:02:13,125] || ORDER-CHECK-IN || The customer of Order |00000001| has checked-in
[2023-03-11 22:02:15,064] || ORDER-CHECK-OUT || The customer of Order |00000001| has checked-out
[2023-03-11 22:07:39,657] || ORDER-CHECK-IN || The customer of Order |00000001| has checked-in
[2023-03-11 22:07:41,805] || ORDER-CHECK-OUT || The customer of Order |00000001| has checked-out
[2023-03-11 22:08:18,360] || ORDER-CHECK-IN || The customer of Order |00000001| has checked-in
[2023-03-11 22:08:50,975] || ORDER-CHECK-IN || The customer of Order |00000001| has checked-in
[2023-03-11 22:08:53,509] || ORDER-CHECK-OUT || The customer of Order |00000001| has checked-out
[2023-03-11 22:11:32,901] || ORDER-CHECK-IN || The customer of Order |00000001| has checked-in
[2023-03-11 22:11:34,259] || ORDER-CHECK-OUT || The customer of Order |00000001| has checked-out
[2023-03-11 22:12:08,596] || ORDER-CHECK-IN || The customer of Order |00000001| has checked-in
[2023-03-11 22:12:10,208] || ORDER-CHECK-OUT || The customer of Order |00000001| has checked-out
[2023-03-11 22:12:25,809] || ORDER-CHECK-IN || The customer of Order |00000001| has checked-in
[2023-03-11 22:12:31,727] || ORDER-CHECK-OUT || The customer of Order |00000001| has checked-out
[2023-03-11 22:15:58,811] || ORDER-CHECK-IN || The customer of Order |00000001| has checked-in
[2023-03-11 22:15:59,952] || ORDER-CHECK-OUT || The customer of Order |00000001| has checked-out
[2023-03-11 23:04:31,076] || ORDER-CHECK-IN || The customer of Order |00000001| has checked-in
[2023-03-11 23:04:32,523] || ORDER-CHECK-OUT || The customer of Order |00000001| has checked-out
[2023-03-11 23:05:22,006] || ORDER-CHECK-IN || The customer of Order |00000001| has checked-in
[2023-03-11 23:05:23,321] || ORDER-CHECK-OUT || The customer of Order |00000001| has checked-out
[2023-03-11 23:06:12,841] || ORDER-CHECK-IN || The customer of Order |00000001| has checked-in
[2023-03-11 23:06:13,917] || ORDER-CHECK-OUT || The customer of Order |00000001| has checked-out
[2023-03-11 23:06:40,102] || ORDER-CHECK-IN || The customer of Order |00000001| has checked-in
[2023-03-11 23:06:42,619] || ORDER-CHECK-OUT || The customer of Order |00000001| has checked-out
[2023-03-11 23:07:57,870] || ORDER-CHECK-IN || The customer of Order |00000001| has checked-in
[2023-03-11 23:07:59,210] || ORDER-CHECK-OUT || The customer of Order |00000001| has checked-out
[2023-03-11 23:25:38,468] || NEW-ORDER || New order created, order-id: 00000002
[2023-03-16 21:48:11,716] || NEW-ORDER || New order created, order-id: 00000002
[2023-03-16 21:48:28,751] || NEW-ORDER || New order created, order-id: 00000003
[2023-03-17 12:26:11,527] || ORDER-CHECK-IN || The customer of Order |00000001| has checked-in
[2023-03-17 12:26:13,447] || ORDER-CHECK-OUT || The customer of Order |00000001| has checked-out
[2023-03-23 22:51:57,714] || ORDER-CHECK-IN || The customer of Order |00000001| has checked-in
[2023-03-27 20:50:42,230] || ORDER-DELETED || Order |00000002| has been deleted, by |TEST-USER|
[2023-04-02 15:39:37,948] || NEW-ORDER || New order created, order-id: 00000001
[2023-04-02 15:39:37,994] || NEW-ORDER || New order created, order-id: 00000002
[2023-04-02 15:39:38,017] || NEW-ORDER || New order created, order-id: 00000003
[2023-04-07 10:31:50,643] || NEW-ORDER || New order created, order-id: 00000001
[2023-04-07 10:31:50,674] || NEW-ORDER || New order created, order-id: 00000002
[2023-04-07 10:31:50,690] || NEW-ORDER || New order created, order-id: 00000003
[2023-04-07 10:37:05,714] || NEW-ORDER || New order created, order-id: 00000001
[2023-04-07 10:37:05,746] || NEW-ORDER || New order created, order-id: 00000002
[2023-04-07 10:37:05,811] || NEW-ORDER || New order created, order-id: 00000003
[2023-04-07 10:38:06,488] || NEW-ORDER || New order created, order-id: 00000001
[2023-04-07 10:38:06,517] || NEW-ORDER || New order created, order-id: 00000002
[2023-04-07 10:38:06,573] || NEW-ORDER || New order created, order-id: 00000003
[2023-04-07 10:41:52,642] || NEW-ORDER || New order created, order-id: 00000001
[2023-04-07 10:41:52,703] || NEW-ORDER || New order created, order-id: 00000002
[2023-04-07 10:41:52,779] || NEW-ORDER || New order created, order-id: 00000003
[2023-04-07 10:42:38,587] || NEW-ORDER || New order created, order-id: 00000001
[2023-04-07 10:42:38,657] || NEW-ORDER || New order created, order-id: 00000002
[2023-04-07 10:42:38,703] || NEW-ORDER || New order created, order-id: 00000003
[2023-04-07 10:43:02,904] || NEW-ORDER || New order created, order-id: 00000001
[2023-04-07 10:43:02,939] || NEW-ORDER || New order created, order-id: 00000002
[2023-04-07 10:43:02,962] || NEW-ORDER || New order created, order-id: 00000003
[2023-04-07 10:44:04,556] || NEW-ORDER || New order created, order-id: 00000001
[2023-04-07 10:44:04,595] || NEW-ORDER || New order created, order-id: 00000002
[2023-04-07 10:44:04,621] || NEW-ORDER || New order created, order-id: 00000003
[2023-04-07 12:00:09,264] || NEW-ORDER || New order created, order-id: 00000001
[2023-04-07 12:00:09,270] || NEW-ORDER || New order created, order-id: 00000002
[2023-04-07 12:00:09,313] || NEW-ORDER || New order created, order-id: 00000003
[2023-04-07 12:01:58,987] || NEW-ORDER || New order created, order-id: 00000001
[2023-04-07 12:01:59,010] || NEW-ORDER || New order created, order-id: 00000002
[2023-04-07 12:01:59,012] || NEW-ORDER || New order created, order-id: 00000003
[2023-04-07 12:02:06,427] || ORDER-DELETED || Order |00000001| has been deleted, by |TEST-USER|
[2023-04-07 12:02:30,561] || ORDER-DELETED || Order |00000002| has been deleted, by |TEST-USER|
[2023-04-07 12:03:16,897] || NEW-ORDER || New order created, order-id: 00000001
[2023-04-07 12:03:16,908] || NEW-ORDER || New order created, order-id: 00000002
[2023-04-07 12:03:16,944] || NEW-ORDER || New order created, order-id: 00000003
[2023-04-07 12:03:23,895] || ORDER-DELETED || Order |00000001| has been deleted, by |TEST-USER|
[2023-04-07 12:03:33,396] || ORDER-DELETED || Order |00000002| has been deleted, by |TEST-USER|
[2023-04-07 12:13:59,809] || NEW-ORDER || New order created, order-id: 00000001
[2023-04-07 12:13:59,867] || NEW-ORDER || New order created, order-id: 00000002
[2023-04-07 12:13:59,892] || NEW-ORDER || New order created, order-id: 00000003
[2023-04-07 12:15:04,475] || NEW-ORDER || New order created, order-id: 00000001
[2023-04-07 12:15:04,477] || NEW-ORDER || New order created, order-id: 00000002
[2023-04-07 12:15:04,489] || NEW-ORDER || New order created, order-id: 00000003
[2023-04-07 12:15:12,721] || ROOM-DELETED || Room 4 deleted by TEST-USER
[2023-04-07 12:16:21,759] || NEW-ORDER || New order created, order-id: 00000001
[2023-04-07 12:16:21,770] || NEW-ORDER || New order created, order-id: 00000002
[2023-04-07 12:16:21,776] || NEW-ORDER || New order created, order-id: 00000003
[2023-04-07 15:20:19,199] || NEW-ORDER || New order created, order-id: 00000001
[2023-04-07 15:20:19,227] || NEW-ORDER || New order created, order-id: 00000002
[2023-04-07 15:20:19,229] || NEW-ORDER || New order created, order-id: 00000003
[2023-04-07 15:21:01,136] || NEW-ORDER || New order created, order-id: 00000001
[2023-04-07 15:21:01,149] || NEW-ORDER || New order created, order-id: 00000002
[2023-04-07 15:21:01,152] || NEW-ORDER || New order created, order-id: 00000003
[2023-04-07 15:21:35,482] || NEW-ORDER || New order created, order-id: 00000001
[2023-04-07 15:21:35,525] || NEW-ORDER || New order created, order-id: 00000002
[2023-04-07 15:21:35,536] || NEW-ORDER || New order created, order-id: 00000003
[2023-04-07 15:22:11,806] || NEW-ORDER || New order created, order-id: 00000001
[2023-04-07 15:22:11,817] || NEW-ORDER || New order created, order-id: 00000002
[2023-04-07 15:22:11,820] || NEW-ORDER || New order created, order-id: 00000003
[2023-04-07 15:23:46,380] || NEW-ORDER || New order created, order-id: 00000001
[2023-04-07 15:23:46,382] || NEW-ORDER || New order created, order-id: 00000002
[2023-04-07 15:23:46,395] || NEW-ORDER || New order created, order-id: 00000003
[2023-04-07 15:23:52,652] || ORDER-DELETED || Order |00000001| has been deleted, by |TEST-USER|
[2023-04-07 15:24:02,989] || NEW-ORDER || New order created, order-id: 00000001
[2023-04-07 15:24:02,993] || NEW-ORDER || New order created, order-id: 00000002
[2023-04-07 15:24:03,007] || NEW-ORDER || New order created, order-id: 00000003
[2023-04-07 15:24:12,641] || ORDER-DELETED || Order |00000001| has been deleted, by |TEST-USER|
[2023-04-07 15:24:17,556] || ROOM-DELETED || Room 1 deleted by TEST-USER
[2023-04-07 15:25:59,908] || NEW-ORDER || New order created, order-id: 00000001
[2023-04-07 15:25:59,931] || NEW-ORDER || New order created, order-id: 00000002
[2023-04-07 15:25:59,933] || NEW-ORDER || New order created, order-id: 00000003
[2023-04-07 15:31:57,643] || NEW-ORDER || New order created, order-id: 00000001
[2023-04-07 15:31:57,660] || NEW-ORDER || New order created, order-id: 00000002
[2023-04-07 15:31:57,661] || NEW-ORDER || New order created, order-id: 00000003
[2023-04-07 15:32:04,000] || ORDER-DELETED || Order |00000002| has been deleted, by |TEST-USER|
[2023-04-07 15:34:34,484] || NEW-ORDER || New order created, order-id: 00000001
[2023-04-07 15:34:34,495] || NEW-ORDER || New order created, order-id: 00000002
[2023-04-07 15:34:34,495] || NEW-ORDER || New order created, order-id: 00000003
[2023-04-07 15:34:45,728] || NEW-ORDER || New order created, order-id: 00000004
[2023-04-07 15:39:15,854] || NEW-ORDER || New order created, order-id: 00000001
[2023-04-07 15:39:15,857] || NEW-ORDER || New order created, order-id: 00000002
[2023-04-07 15:39:15,871] || NEW-ORDER || New order created, order-id: 00000003
[2023-04-07 15:39:26,192] || NEW-ORDER || New order created, order-id: 00000004
[2023-04-07 15:39:52,756] || NEW-ORDER || New order created, order-id: 00000001
[2023-04-07 15:39:52,757] || NEW-ORDER || New order created, order-id: 00000002
[2023-04-07 15:39:52,766] || NEW-ORDER || New order created, order-id: 00000003
[2023-04-07 15:41:04,929] || NEW-ORDER || New order created, order-id: 00000001
[2023-04-07 15:41:04,931] || NEW-ORDER || New order created, order-id: 00000002
[2023-04-07 15:41:04,941] || NEW-ORDER || New order created, order-id: 00000003
[2023-04-07 15:41:19,363] || NEW-ORDER || New order created, order-id: 00000004
[2023-04-07 16:03:19,642] || NEW-ORDER || New order created, order-id: 00000001
[2023-04-07 16:03:19,645] || NEW-ORDER || New order created, order-id: 00000002
[2023-04-07 16:03:19,645] || NEW-ORDER || New order created, order-id: 00000003
[2023-04-07 16:03:41,587] || NEW-ORDER || New order created, order-id: 00000001
[2023-04-07 16:03:41,588] || NEW-ORDER || New order created, order-id: 00000002
[2023-04-07 16:03:41,615] || NEW-ORDER || New order created, order-id: 00000003
[2023-04-07 16:03:51,779] || NEW-ORDER || New order created, order-id: 00000001
[2023-04-07 16:03:51,798] || NEW-ORDER || New order created, order-id: 00000002
[2023-04-07 16:03:51,799] || NEW-ORDER || New order created, order-id: 00000003
[2023-04-07 16:04:06,245] || NEW-ORDER || New order created, order-id: 00000001
[2023-04-07 16:04:06,246] || NEW-ORDER || New order created, order-id: 00000002
[2023-04-07 16:04:06,258] || NEW-ORDER || New order created, order-id: 00000003
[2023-04-07 16:04:21,142] || NEW-ORDER || New order created, order-id: 00000001
[2023-04-07 16:04:21,143] || NEW-ORDER || New order created, order-id: 00000002
[2023-04-07 16:04:21,156] || NEW-ORDER || New order created, order-id: 00000003
[2023-04-07 16:04:46,694] || NEW-ORDER || New order created, order-id: 00000001
[2023-04-07 16:04:46,709] || NEW-ORDER || New order created, order-id: 00000002
[2023-04-07 16:04:46,710] || NEW-ORDER || New order created, order-id: 00000003
[2023-04-07 16:12:24,114] || NEW-ORDER || New order created, order-id:|00000001|
[2023-04-07 16:12:24,136] || NEW-ORDER || New order created, order-id:|00000002|
[2023-04-07 16:12:45,533] || NEW-ORDER || New order created, order-id:|00000001|
[2023-04-07 16:12:45,544] || NEW-ORDER || New order created, order-id:|00000002|
[2023-04-07 16:12:45,544] || NEW-ORDER || New order created, order-id:|00000003|
[2023-04-07 16:13:20,761] || NEW-ORDER || New order created, order-id:|00000001|
[2023-04-07 16:13:20,777] || NEW-ORDER || New order created, order-id:|00000002|
[2023-04-07 16:13:20,778] || NEW-ORDER || New order created, order-id:|00000003|
[2023-04-07 16:13:42,313] || NEW-ORDER || New order created, order-id:|00000001|
[2023-04-07 16:13:42,314] || NEW-ORDER || New order created, order-id:|00000002|
[2023-04-07 16:13:42,322] || NEW-ORDER || New order created, order-id:|00000003|
[2023-04-07 16:13:46,419] || NEW-ROOM || Room |5| has been created by |TEST-USER|
[2023-04-07 16:13:57,119] || NEW-ORDER || New order created, order-id:|00000001|
[2023-04-07 16:13:57,128] || NEW-ORDER || New order created, order-id:|00000002|
[2023-04-07 16:13:57,128] || NEW-ORDER || New order created, order-id:|00000003|
[2023-04-07 16:14:04,083] || NEW-ROOM || Room |5| has been created by |TEST-USER|
[2023-04-07 16:14:21,575] || NEW-ROOM || Room |6| has been created by |TEST-USER|
[2023-04-07 16:14:29,548] || NEW-ROOM || Room |7| has been created by |TEST-USER|
[2023-04-07 16:14:34,947] || NEW-ROOM || Room |8| has been created by |TEST-USER|
[2023-04-07 16:15:19,174] || NEW-ORDER || New order created, order-id:|00000001|
[2023-04-07 16:15:19,175] || NEW-ORDER || New order created, order-id:|00000002|
[2023-04-07 16:15:38,981] || NEW-ROOM || Room |5| has been created by |TEST-USER|
[2023-04-20 22:37:40,488] || NEW-ORDER || New order created, order-id:|00000001|
[2023-04-20 22:37:40,489] || NEW-ORDER || New order created, order-id:|00000002|
[2023-04-20 22:37:40,503] || NEW-ORDER || New order created, order-id:|00000003|
[2023-04-20 22:37:50,325] || NEW-ROOM || Room |5| has been created by |TEST-USER|
[2023-04-20 22:37:54,397] || ROOM-DELETED || Room |5| deleted by |TEST-USER|
[2023-04-20 22:37:58,493] || NEW-ROOM || Room |5| has been created by |TEST-USER|
[2023-04-20 22:38:08,482] || NEW-ORDER || New order created, order-id:|00000004|
[2023-04-20 22:47:46,673] || NEW-ORDER || New order created, order-id:|00000001|
[2023-04-20 22:47:46,674] || NEW-ORDER || New order created, order-id:|00000002|
[2023-04-20 22:47:46,696] || NEW-ORDER || New order created, order-id:|00000003|
[2023-04-20 22:48:07,084] || NEW-ORDER || New order created, order-id:|00000001|
[2023-04-20 22:48:07,092] || NEW-ORDER || New order created, order-id:|00000002|
[2023-04-20 22:49:33,908] || NEW-ORDER || New order created, order-id:|00000001|
[2023-04-20 22:49:33,928] || NEW-ORDER || New order created, order-id:|00000002|
[2023-04-20 22:49:33,928] || NEW-ORDER || New order created, order-id:|00000003|
[2023-04-20 22:50:13,419] || NEW-ORDER || New order created, order-id:|00000001|
[2023-04-20 22:50:13,434] || NEW-ORDER || New order created, order-id:|00000002|
[2023-04-20 22:50:13,435] || NEW-ORDER || New order created, order-id:|00000003|
[2023-04-20 22:50:40,717] || NEW-ORDER || New order created, order-id:|00000001|
[2023-04-20 22:50:40,735] || NEW-ORDER || New order created, order-id:|00000002|
[2023-04-20 22:50:40,736] || NEW-ORDER || New order created, order-id:|00000003|
[2023-04-20 22:51:53,983] || NEW-ORDER || New order created, order-id:|00000001|
[2023-04-20 22:51:53,996] || NEW-ORDER || New order created, order-id:|00000002|
[2023-04-20 22:51:53,996] || NEW-ORDER || New order created, order-id:|00000003|
[2023-04-20 22:52:12,637] || NEW-ORDER || New order created, order-id:|00000001|
[2023-04-20 22:52:12,638] || NEW-ORDER || New order created, order-id:|00000002|
[2023-04-20 22:52:12,681] || NEW-ORDER || New order created, order-id:|00000003|
[2023-04-20 22:52:23,826] || NEW-ORDER || New order created, order-id:|00000001|
[2023-04-20 22:52:23,826] || NEW-ORDER || New order created, order-id:|00000002|
[2023-04-20 22:52:23,828] || NEW-ORDER || New order created, order-id:|00000003|
[2023-04-20 22:53:16,193] || NEW-ORDER || New order created, order-id:|00000001|
[2023-04-20 22:53:16,207] || NEW-ORDER || New order created, order-id:|00000002|
[2023-04-20 22:53:16,207] || NEW-ORDER || New order created, order-id:|00000003|
[2023-04-20 22:56:37,228] || NEW-ORDER || New order created, order-id:|00000001|
[2023-04-20 22:56:37,250] || NEW-ORDER || New order created, order-id:|00000002|
[2023-04-20 22:56:37,250] || NEW-ORDER || New order created, order-id:|00000003|
[2023-04-20 22:59:08,668] || NEW-ORDER || New order created, order-id:|00000001|
[2023-04-20 22:59:08,691] || NEW-ORDER || New order created, order-id:|00000002|
[2023-04-20 23:00:15,070] || NEW-ORDER || New order created, order-id:|00000001|
[2023-04-20 23:00:15,070] || NEW-ORDER || New order created, order-id:|00000002|
[2023-04-20 23:00:15,083] || NEW-ORDER || New order created, order-id:|00000003|
[2023-04-20 23:01:02,844] || NEW-ORDER || New order created, order-id:|00000001|
[2023-04-20 23:01:02,844] || NEW-ORDER || New order created, order-id:|00000002|
[2023-04-20 23:01:02,860] || NEW-ORDER || New order created, order-id:|00000003|
[2023-04-20 23:01:17,839] || NEW-ORDER || New order created, order-id:|00000001|
[2023-04-20 23:01:17,854] || NEW-ORDER || New order created, order-id:|00000002|
[2023-04-20 23:01:17,856] || NEW-ORDER || New order created, order-id:|00000003|
[2023-04-20 23:01:38,307] || NEW-ORDER || New order created, order-id:|00000001|
[2023-04-20 23:01:38,316] || NEW-ORDER || New order created, order-id:|00000002|
[2023-04-20 23:01:38,316] || NEW-ORDER || New order created, order-id:|00000003|
[2023-04-20 23:03:00,792] || NEW-ORDER || New order created, order-id:|00000001|
[2023-04-20 23:03:00,806] || NEW-ORDER || New order created, order-id:|00000002|
[2023-04-20 23:03:20,228] || NEW-ORDER || New order created, order-id:|00000001|
[2023-04-20 23:03:20,228] || NEW-ORDER || New order created, order-id:|00000002|
[2023-04-20 23:03:20,229] || NEW-ORDER || New order created, order-id:|00000003|
[2023-04-20 23:06:07,222] || NEW-ORDER || New order created, order-id:|00000001|
[2023-04-20 23:06:07,232] || NEW-ORDER || New order created, order-id:|00000002|
[2023-04-20 23:06:07,233] || NEW-ORDER || New order created, order-id:|00000003|
[2023-04-20 23:14:09,731] || NEW-ORDER || New order created, order-id:|00000001|
[2023-04-20 23:14:09,746] || NEW-ORDER || New order created, order-id:|00000002|
[2023-04-20 23:14:09,747] || NEW-ORDER || New order created, order-id:|00000003|
[2023-04-20 23:14:43,371] || NEW-ORDER || New order created, order-id:|00000001|
[2023-04-20 23:14:43,371] || NEW-ORDER || New order created, order-id:|00000002|
[2023-04-20 23:14:43,381] || NEW-ORDER || New order created, order-id:|00000003|
[2023-04-20 23:15:04,337] || NEW-ORDER || New order created, order-id:|00000001|
[2023-04-20 23:15:04,338] || NEW-ORDER || New order created, order-id:|00000002|
[2023-04-20 23:15:04,352] || NEW-ORDER || New order created, order-id:|00000003|
[2023-04-20 23:15:31,557] || NEW-ORDER || New order created, order-id:|00000001|
[2023-04-20 23:15:31,599] || NEW-ORDER || New order created, order-id:|00000002|
[2023-04-20 23:15:48,618] || NEW-ORDER || New order created, order-id:|00000001|
[2023-04-20 23:15:48,618] || NEW-ORDER || New order created, order-id:|00000002|
[2023-04-20 23:15:48,632] || NEW-ORDER || New order created, order-id:|00000003|
[2023-04-20 23:16:23,500] || NEW-ORDER || New order created, order-id:|00000001|
[2023-04-20 23:16:23,501] || NEW-ORDER || New order created, order-id:|00000002|
[2023-04-20 23:16:23,501] || NEW-ORDER || New order created, order-id:|00000003|
[2023-04-20 23:16:48,377] || NEW-ORDER || New order created, order-id:|00000001|
[2023-04-20 23:16:48,378] || NEW-ORDER || New order created, order-id:|00000002|
[2023-04-20 23:16:48,391] || NEW-ORDER || New order created, order-id:|00000003|
[2023-04-20 23:44:59,198] || NEW-ORDER || New order created, order-id:|00000001|
[2023-04-20 23:44:59,199] || NEW-ORDER || New order created, order-id:|00000002|
[2023-04-20 23:44:59,213] || NEW-ORDER || New order created, order-id:|00000003|
[2023-04-20 23:45:53,421] || NEW-ORDER || New order created, order-id:|00000001|
[2023-04-20 23:45:53,422] || NEW-ORDER || New order created, order-id:|00000002|
[2023-04-20 23:45:53,435] || NEW-ORDER || New order created, order-id:|00000003|
[2023-04-20 23:46:58,958] || NEW-ORDER || New order created, order-id:|00000001|
[2023-04-20 23:46:58,971] || NEW-ORDER || New order created, order-id:|00000002|
[2023-04-20 23:47:17,902] || NEW-ORDER || New order created, order-id:|00000001|
[2023-04-20 23:47:17,902] || NEW-ORDER || New order created, order-id:|00000002|
[2023-04-20 23:47:17,918] || NEW-ORDER || New order created, order-id:|00000003|
[2023-04-20 23:47:32,399] || NEW-ORDER || New order created, order-id:|00000001|
[2023-04-20 23:47:32,400] || NEW-ORDER || New order created, order-id:|00000002|
[2023-04-20 23:47:32,409] || NEW-ORDER || New order created, order-id:|00000003|
[2023-04-20 23:48:11,284] || NEW-ORDER || New order created, order-id:|00000001|
[2023-04-20 23:48:11,285] || NEW-ORDER || New order created, order-id:|00000002|
[2023-04-20 23:49:41,649] || NEW-ORDER || New order created, order-id:|00000001|
[2023-04-20 23:49:55,603] || NEW-ORDER || New order created, order-id:|00000002|
[2023-04-20 23:50:37,996] || NEW-ORDER || New order created, order-id:|00000001|
[2023-04-20 23:50:47,739] || NEW-ORDER || New order created, order-id:|00000002|
[2023-04-20 23:50:59,716] || NEW-ORDER || New order created, order-id:|00000003|
[2023-04-20 23:52:33,636] || NEW-ORDER || New order created, order-id:|00000001|
[2023-04-20 23:52:33,650] || NEW-ORDER || New order created, order-id:|00000002|
[2023-04-20 23:52:33,650] || NEW-ORDER || New order created, order-id:|00000003|
[2023-04-20 23:52:52,900] || NEW-ORDER || New order created, order-id:|00000001|
[2023-04-20 23:52:52,918] || NEW-ORDER || New order created, order-id:|00000002|
[2023-04-20 23:52:52,920] || NEW-ORDER || New order created, order-id:|00000003|
[2023-04-20 23:53:26,192] || NEW-ORDER || New order created, order-id:|00000001|
[2023-04-20 23:53:26,201] || NEW-ORDER || New order created, order-id:|00000002|
[2023-04-20 23:54:08,915] || NEW-ORDER || New order created, order-id:|00000001|
[2023-04-20 23:54:13,187] || NEW-ROOM || Room |2| has been created by |TEST-USER|
[2023-04-20 23:55:10,532] || NEW-ORDER || New order created, order-id:|00000001|
[2023-04-20 23:55:10,551] || NEW-ORDER || New order created, order-id:|00000002|
[2023-04-20 23:55:10,553] || NEW-ORDER || New order created, order-id:|00000003|
[2023-04-20 23:57:22,681] || NEW-ORDER || New order created, order-id:|00000001|
[2023-04-20 23:57:22,696] || NEW-ORDER || New order created, order-id:|00000002|
[2023-04-21 16:13:05,393] || NEW-ORDER || New order created, order-id:|00000001|
[2023-04-21 16:13:05,424] || NEW-ORDER || New order created, order-id:|00000002|
[2023-04-21 16:28:23,109] || NEW-ORDER || New order created, order-id:|00000001|
[2023-04-21 16:28:23,127] || NEW-ORDER || New order created, order-id:|00000002|
[2023-04-21 16:28:23,128] || NEW-ORDER || New order created, order-id:|00000003|
[2023-04-21 16:30:08,351] || NEW-ORDER || New order created, order-id:|00000001|
[2023-04-21 16:30:08,363] || NEW-ORDER || New order created, order-id:|00000002|
[2023-04-21 16:30:08,365] || NEW-ORDER || New order created, order-id:|00000003|
[2023-04-21 16:31:09,262] || NEW-ORDER || New order created, order-id:|00000001|
[2023-04-21 16:31:09,275] || NEW-ORDER || New order created, order-id:|00000002|
[2023-04-21 16:31:09,276] || NEW-ORDER || New order created, order-id:|00000003|
[2023-04-21 16:31:31,204] || NEW-ORDER || New order created, order-id:|00000001|
[2023-04-21 16:31:31,231] || NEW-ORDER || New order created, order-id:|00000002|
[2023-04-21 16:31:31,232] || NEW-ORDER || New order created, order-id:|00000003|
[2023-04-21 17:27:10,727] || NEW-ORDER || New order created, order-id:|00000001|
[2023-04-21 17:27:10,760] || NEW-ORDER || New order created, order-id:|00000002|
[2023-04-21 17:27:10,763] || NEW-ORDER || New order created, order-id:|00000003|
[2023-04-21 17:28:36,948] || NEW-ORDER || New order created, order-id:|00000001|
[2023-04-21 17:28:36,978] || NEW-ORDER || New order created, order-id:|00000002|
[2023-04-21 17:28:36,979] || NEW-ORDER || New order created, order-id:|00000003|
[2023-04-21 17:32:16,362] || NEW-ORDER || New order created, order-id:|00000001|
[2023-04-21 17:32:53,497] || NEW-ORDER || New order created, order-id:|00000001|
[2023-04-21 17:34:27,734] || NEW-ORDER || New order created, order-id:|00000001|
[2023-04-21 17:44:27,513] || NEW-ORDER || New order created, order-id:|00000001|
[2023-04-21 17:44:55,844] || NEW-ORDER || New order created, order-id:|00000001|
[2023-04-21 17:45:35,116] || NEW-ORDER || New order created, order-id:|00000001|
[2023-04-21 17:46:21,940] || NEW-ORDER || New order created, order-id:|00000001|
[2023-04-21 17:48:36,203] || NEW-ORDER || New order created, order-id:|00000001|
[2023-04-21 17:49:27,480] || NEW-ORDER || New order created, order-id:|00000001|
[2023-04-21 17:49:48,475] || NEW-ORDER || New order created, order-id:|00000001|
[2023-04-21 17:50:59,695] || NEW-ORDER || New order created, order-id:|00000001|
[2023-04-21 17:52:16,202] || NEW-ORDER || New order created, order-id:|00000001|
[2023-04-21 17:53:13,892] || NEW-ORDER || New order created, order-id:|00000001|
[2023-04-21 17:53:55,648] || NEW-ORDER || New order created, order-id:|00000001|
[2023-04-21 17:54:16,224] || NEW-ORDER || New order created, order-id:|00000001|
[2023-04-21 17:55:21,586] || NEW-ORDER || New order created, order-id:|00000001|
[2023-04-21 17:55:45,889] || NEW-ORDER || New order created, order-id:|00000001|
[2023-04-21 17:58:21,924] || NEW-ORDER || New order created, order-id:|00000001|
[2023-04-21 17:59:43,617] || NEW-ORDER || New order created, order-id:|00000001|
[2023-04-21 18:00:28,652] || NEW-ORDER || New order created, order-id:|00000001|
[2023-04-21 18:00:35,222] || ORDER-UPDATE || Order |00000001| has been updated
[2023-04-21 18:01:02,829] || ORDER-UPDATE || Order |00000001| has been updated
[2023-04-21 18:02:56,600] || NEW-ORDER || New order created, order-id:|00000001|
[2023-04-21 18:03:03,707] || ORDER-UPDATE || Order |00000001| has been updated
[2023-04-21 18:04:01,258] || NEW-ORDER || New order created, order-id:|00000001|
[2023-04-21 18:04:13,877] || ORDER-UPDATE || Order |00000001| has been updated
[2023-04-21 18:05:24,120] || NEW-ORDER || New order created, order-id:|00000001|
[2023-04-21 18:05:41,553] || ORDER-CHECK-IN || The customer of Order |00000001| has checked-in
[2023-04-21 18:06:01,473] || ORDER-UPDATE || Order |00000001| has been updated
[2023-04-21 18:07:39,665] || NEW-ORDER || New order created, order-id:|00000001|
[2023-04-21 18:07:56,996] || ORDER-UPDATE || Order |00000001| has been updated
[2023-04-21 18:08:49,514] || NEW-ORDER || New order created, order-id:|00000001|
[2023-04-21 18:09:17,510] || ORDER-UPDATE || Order |00000001| has been updated
[2023-04-21 18:10:27,164] || NEW-ORDER || New order created, order-id:|00000001|
[2023-04-21 18:10:39,088] || ORDER-UPDATE || Order |00000001| has been updated
[2023-04-21 18:11:10,513] || NEW-ORDER || New order created, order-id:|00000001|
[2023-04-21 18:11:22,401] || ORDER-UPDATE || Order |00000001| has been updated
[2023-04-21 18:12:44,913] || NEW-ORDER || New order created, order-id:|00000001|
[2023-04-21 18:12:52,002] || ORDER-UPDATE || Order |00000001| has been updated
[2023-04-21 18:13:21,027] || ORDER-UPDATE || Order |00000001| has been updated
[2023-04-21 18:13:39,507] || NEW-ORDER || New order created, order-id:|00000001|
[2023-04-21 18:14:04,242] || ORDER-UPDATE || Order |00000001| has been updated
