[2023-04-22 22:32:18,925] || NEW-ROOM || Room |1| has been created by |TEST-USER|
[2023-04-22 22:32:29,809] || NEW-ORDER || New order created, order-id:|00000001|
[2023-04-22 22:32:41,807] || ORDER-DELETED || Order |00000001| has been deleted, by |TEST-USER|
[2023-04-22 22:32:47,920] || ROOM-DELETED || Room |1| deleted by |TEST-USER|
[2023-12-23 23:13:26,707] || NEW-ROOM || Room |1| has been created by |TEST-USER|
[2023-12-23 23:13:29,201] || NEW-ROOM || Room |2| has been created by |TEST-USER|
[2023-12-23 23:13:42,122] || NEW-ORDER || New order created, order-id:|00000001|
[2023-12-23 23:13:48,145] || NEW-ORDER || New order created, order-id:|00000002|
[2023-12-23 23:14:20,260] || NEW-ORDER || New order created, order-id:|00000003|
[2024-01-06 21:04:38,410] || NEW-ROOM || Room |1| has been created by |TEST-USER|
[2024-01-06 21:04:40,388] || NEW-ROOM || Room |2| has been created by |TEST-USER|
[2024-01-06 21:04:42,880] || NEW-ROOM || Room |3| has been created by |TEST-USER|
[2024-03-28 18:50:22,540] || NEW-ROOM || Room |1| has been created by |TEST-USER|
[2024-03-28 18:50:34,165] || NEW-ROOM || Room |2| has been created by |TEST-USER|
[2024-03-28 18:50:58,167] || NEW-ORDER || New order created, order-id:|00000001|
[2024-03-28 18:51:26,156] || NEW-ORDER || New order created, order-id:|00000002|
[2024-05-01 22:26:32,034] || NEW-ROOM || Room |1| has been created by |TEST-USER|
[2024-05-01 22:26:33,876] || NEW-ROOM || Room |2| has been created by |TEST-USER|
[2024-05-01 22:26:45,256] || NEW-ORDER || New order created, order-id:|00000001|
[2024-05-02 00:42:35,813] || NEW-ROOM || Room |1| has been created by |TEST-USER|
[2024-05-02 00:42:44,659] || NEW-ORDER || New order created, order-id:|00000001|
[2024-05-02 00:43:19,060] || ORDER-UPDATE || Order |00000001| has been updated
[2024-05-02 00:43:31,349] || NEW-ROOM || Room |2| has been created by |TEST-USER|
[2024-05-02 00:43:52,727] || ORDER-UPDATE || Order |00000001| has been updated
[2024-05-02 00:44:25,501] || NEW-ROOM || Room |1| has been created by |TEST-USER|
[2024-05-02 00:44:30,370] || NEW-ROOM || Room |2| has been created by |TEST-USER|
[2024-05-02 00:44:40,134] || NEW-ORDER || New order created, order-id:|00000001|
[2024-05-02 00:44:49,779] || NEW-ORDER || New order created, order-id:|00000002|
[2024-05-09 18:48:42,891] || NEW-ORDER || New order created, order-id:|1|
[2024-05-09 18:48:57,016] || NEW-ORDER || New order created, order-id:|1|
[2024-05-09 18:51:16,468] || NEW-ORDER || New order created, order-id:|1|
[2024-05-09 18:51:43,499] || NEW-ORDER || New order created, order-id:|1|
[2024-05-09 18:52:41,915] || NEW-ORDER || New order created, order-id:|1|
[2024-05-09 18:52:54,345] || NEW-ORDER || New order created, order-id:|1|
[2024-05-09 18:53:14,488] || NEW-ORDER || New order created, order-id:|1|
[2024-05-09 18:53:33,470] || NEW-ORDER || New order created, order-id:|1|
[2024-05-09 18:53:33,470] || NEW-ORDER || New order created, order-id:|2|
[2024-05-10 12:11:40,885] || NEW-ORDER || New order created, order-id:|1|
[2024-05-10 12:11:40,885] || NEW-ORDER || New order created, order-id:|2|
[2024-05-10 12:12:24,117] || NEW-ORDER || New order created, order-id:|1|
[2024-05-10 12:12:24,117] || NEW-ORDER || New order created, order-id:|2|
[2024-05-10 12:12:41,613] || NEW-ORDER || New order created, order-id:|1|
[2024-05-10 12:12:41,618] || NEW-ORDER || New order created, order-id:|2|
[2024-05-10 12:13:06,810] || NEW-ORDER || New order created, order-id:|1|
[2024-05-10 12:13:06,810] || NEW-ORDER || New order created, order-id:|2|
[2024-05-10 12:23:50,150] || NEW-ORDER || New order created, order-id:|1|
[2024-05-10 12:23:50,150] || NEW-ORDER || New order created, order-id:|2|
[2024-05-10 12:24:07,851] || NEW-ORDER || New order created, order-id:|1|
[2024-05-10 12:24:07,852] || NEW-ORDER || New order created, order-id:|2|
[2024-05-10 12:25:04,209] || NEW-ORDER || New order created, order-id:|1|
[2024-05-10 12:25:04,209] || NEW-ORDER || New order created, order-id:|2|
[2024-05-10 12:25:22,921] || NEW-ORDER || New order created, order-id:|1|
[2024-05-10 12:25:22,921] || NEW-ORDER || New order created, order-id:|2|
[2024-05-10 15:55:57,815] || NEW-ORDER || New order created, order-id:|1|
[2024-05-10 15:56:50,445] || NEW-ORDER || New order created, order-id:|1|
[2024-05-10 15:56:50,452] || NEW-ORDER || New order created, order-id:|2|
[2024-05-10 16:19:14,147] || NEW-ORDER || New order created, order-id:|1|
[2024-05-10 16:19:14,147] || NEW-ORDER || New order created, order-id:|2|
[2024-05-10 16:19:16,826] || NEW-ORDER || New order created, order-id:|1|
[2024-05-10 16:19:16,826] || NEW-ORDER || New order created, order-id:|2|
[2024-05-13 23:18:02,461] || NEW-ORDER || New order created, order-id:|0|
[2024-05-13 23:20:49,249] || NEW-ORDER || New order created, order-id:|0|
[2024-05-13 23:21:37,222] || NEW-ORDER || New order created, order-id:|0|
[2024-05-13 23:23:01,911] || NEW-ORDER || New order created, order-id:|0|
[2024-05-13 23:25:13,164] || NEW-ORDER || New order created, order-id:|1|
[2024-05-13 23:25:13,166] || NEW-ORDER || New order created, order-id:|2|
[2024-05-13 23:26:27,125] || NEW-ORDER || New order created, order-id:|1|
[2024-05-13 23:26:27,127] || NEW-ORDER || New order created, order-id:|2|
[2024-05-13 23:26:58,734] || NEW-ORDER || New order created, order-id:|1|
[2024-05-13 23:26:58,734] || NEW-ORDER || New order created, order-id:|2|
[2024-05-13 23:27:15,155] || NEW-ORDER || New order created, order-id:|1|
[2024-05-13 23:27:15,156] || NEW-ORDER || New order created, order-id:|2|
[2024-05-13 23:27:39,501] || NEW-ORDER || New order created, order-id:|1|
[2024-05-13 23:27:39,502] || NEW-ORDER || New order created, order-id:|2|
[2024-05-13 23:28:47,992] || NEW-ORDER || New order created, order-id:|1|
[2024-05-13 23:28:47,993] || NEW-ORDER || New order created, order-id:|2|
[2024-05-13 23:30:21,642] || NEW-ORDER || New order created, order-id:|1|
[2024-05-13 23:30:21,643] || NEW-ORDER || New order created, order-id:|2|
[2024-05-13 23:31:59,851] || NEW-ORDER || New order created, order-id:|1|
[2024-05-13 23:31:59,851] || NEW-ORDER || New order created, order-id:|2|
[2024-05-13 23:32:12,187] || NEW-ORDER || New order created, order-id:|1|
[2024-05-13 23:32:12,194] || NEW-ORDER || New order created, order-id:|2|
[2024-05-13 23:33:05,598] || NEW-ORDER || New order created, order-id:|1|
[2024-05-13 23:33:05,600] || NEW-ORDER || New order created, order-id:|2|
[2024-05-13 23:36:32,865] || NEW-ORDER || New order created, order-id:|3|
[2024-05-13 23:36:32,868] || NEW-ORDER || New order created, order-id:|4|
[2024-05-13 23:36:33,919] || NEW-ORDER || New order created, order-id:|5|
[2024-05-13 23:36:33,920] || NEW-ORDER || New order created, order-id:|6|
[2024-05-13 23:37:31,232] || NEW-ORDER || New order created, order-id:|1|
[2024-05-13 23:37:31,234] || NEW-ORDER || New order created, order-id:|2|
[2024-05-13 23:37:52,451] || NEW-ORDER || New order created, order-id:|3|
[2024-05-13 23:37:52,453] || NEW-ORDER || New order created, order-id:|4|
[2024-05-13 23:37:53,029] || NEW-ORDER || New order created, order-id:|5|
[2024-05-13 23:37:53,030] || NEW-ORDER || New order created, order-id:|6|
[2024-05-13 23:37:54,262] || NEW-ORDER || New order created, order-id:|7|
[2024-05-13 23:37:54,264] || NEW-ORDER || New order created, order-id:|8|
[2024-05-16 21:19:02,816] || NEW-ORDER || New order created, order-id:|1|
[2024-05-16 21:19:02,820] || NEW-ORDER || New order created, order-id:|2|
[2024-05-16 21:19:06,783] || NEW-ORDER || New order created, order-id:|3|
[2024-05-16 21:19:06,785] || NEW-ORDER || New order created, order-id:|4|
[2024-05-16 21:19:07,546] || NEW-ORDER || New order created, order-id:|5|
[2024-05-16 21:19:07,547] || NEW-ORDER || New order created, order-id:|6|
[2024-05-16 21:20:28,132] || NEW-ORDER || New order created, order-id:|7|
[2024-05-16 21:20:28,134] || NEW-ORDER || New order created, order-id:|8|
[2024-05-16 21:24:10,827] || NEW-ORDER || New order created, order-id:|9|
[2024-05-16 21:26:26,734] || NEW-ORDER || New order created, order-id:|16|
[2024-05-16 21:26:26,736] || NEW-ORDER || New order created, order-id:|17|
[2024-05-16 21:26:50,291] || NEW-ORDER || New order created, order-id:|18|
[2024-05-16 21:26:50,292] || NEW-ORDER || New order created, order-id:|19|
[2024-05-16 21:27:25,944] || NEW-ORDER || New order created, order-id:|20|
[2024-05-16 21:27:25,944] || NEW-ORDER || New order created, order-id:|21|
[2024-05-16 21:28:05,219] || NEW-ORDER || New order created, order-id:|0|
[2024-05-16 21:28:21,784] || NEW-ORDER || New order created, order-id:|24|
[2024-05-16 21:28:21,785] || NEW-ORDER || New order created, order-id:|25|
[2024-05-16 21:28:37,214] || NEW-ORDER || New order created, order-id:|0|
[2024-05-16 21:29:34,613] || NEW-ORDER || New order created, order-id:|1|
[2024-05-16 21:29:34,615] || NEW-ORDER || New order created, order-id:|2|
[2024-05-16 21:29:35,765] || NEW-ORDER || New order created, order-id:|3|
[2024-05-16 21:29:35,766] || NEW-ORDER || New order created, order-id:|4|
[2024-05-16 21:29:36,645] || NEW-ORDER || New order created, order-id:|5|
[2024-05-16 21:29:36,649] || NEW-ORDER || New order created, order-id:|6|
[2024-05-16 21:29:37,391] || NEW-ORDER || New order created, order-id:|7|
[2024-05-16 21:29:37,393] || NEW-ORDER || New order created, order-id:|8|
[2024-05-16 21:29:42,614] || NEW-ORDER || New order created, order-id:|9|
[2024-05-16 21:29:42,615] || NEW-ORDER || New order created, order-id:|10|
[2024-05-16 21:30:17,853] || NEW-ORDER || New order created, order-id:|11|
[2024-05-16 21:30:17,855] || NEW-ORDER || New order created, order-id:|12|
[2024-05-16 21:35:55,233] || ORDER-DELETED || Order |11| has been deleted, by |TEST-USER|
[2024-06-03 08:58:30,161] || NEW-ORDER || New order created, order-id:|13|
[2024-06-03 09:00:17,726] || ORDER-DELETED || Order |13| has been deleted, by |TEST-USER|
[2024-06-03 09:00:48,656] || ORDER-DELETED || Order |12| has been deleted, by |TEST-USER|
[2024-06-03 09:14:20,501] || NEW-ORDER || New order created, order-id:|14|
[2024-06-03 09:14:21,161] || NEW-ORDER || New order created, order-id:|15|
[2024-06-03 09:14:21,766] || NEW-ORDER || New order created, order-id:|16|
[2024-06-03 09:14:22,290] || NEW-ORDER || New order created, order-id:|17|
[2024-06-03 09:14:22,813] || NEW-ORDER || New order created, order-id:|18|
[2024-06-03 09:14:23,373] || NEW-ORDER || New order created, order-id:|19|
[2024-06-03 09:15:46,795] || NEW-ORDER || New order created, order-id:|20|
[2024-06-03 09:53:11,201] || NEW-ORDER || New order created, order-id:|21|
[2024-06-03 09:58:27,907] || NEW-ORDER || New order created, order-id:|22|
[2024-06-03 10:01:20,767] || NEW-ORDER || New order created, order-id:|23|
[2024-06-03 10:02:47,472] || NEW-ORDER || New order created, order-id:|24|
[2024-06-03 10:03:16,578] || NEW-ORDER || New order created, order-id:|25|
[2024-06-03 10:04:03,277] || NEW-ORDER || New order created, order-id:|1|
[2024-06-03 10:05:56,732] || NEW-ORDER || New order created, order-id:|2|
[2024-06-03 10:05:56,733] || NEW-ORDER || New order created, order-id:|3|
[2024-06-03 10:05:57,156] || NEW-ORDER || New order created, order-id:|4|
[2024-06-03 10:05:57,156] || NEW-ORDER || New order created, order-id:|5|
[2024-06-03 10:05:57,736] || NEW-ORDER || New order created, order-id:|6|
[2024-06-03 10:05:57,738] || NEW-ORDER || New order created, order-id:|7|
[2024-06-03 10:05:58,238] || NEW-ORDER || New order created, order-id:|8|
[2024-06-03 10:05:58,239] || NEW-ORDER || New order created, order-id:|9|
[2024-06-03 10:05:58,766] || NEW-ORDER || New order created, order-id:|10|
[2024-06-03 10:05:58,767] || NEW-ORDER || New order created, order-id:|11|
[2024-06-03 10:05:59,214] || NEW-ORDER || New order created, order-id:|12|
[2024-06-03 10:05:59,216] || NEW-ORDER || New order created, order-id:|13|
[2024-06-03 10:05:59,700] || NEW-ORDER || New order created, order-id:|14|
[2024-06-03 10:05:59,702] || NEW-ORDER || New order created, order-id:|15|
[2024-06-03 10:06:00,309] || NEW-ORDER || New order created, order-id:|16|
[2024-06-03 10:06:00,311] || NEW-ORDER || New order created, order-id:|17|
[2024-06-03 10:06:51,276] || NEW-ORDER || New order created, order-id:|18|
[2024-06-03 10:06:51,278] || NEW-ORDER || New order created, order-id:|19|
[2024-06-03 10:06:51,280] || ORDER-DELETED || Order |12| has been deleted, by |TEST-USER|
[2024-07-08 12:50:10,440] || ORDER-CHECK-IN || The customer of Order |3| has checked-in
[2024-07-08 12:50:44,915] || ORDER-CHECK-IN || The customer of Order |10| has checked-in
[2024-07-08 12:59:34,681] || ORDER-CHECK-IN-CANCEL || The customer of Order |10| checked-in CANCELED
[2024-07-08 12:59:53,506] || ORDER-CHECK-IN-CANCEL || The customer of Order |3| checked-in CANCELED
[2024-07-08 13:10:12,303] || ORDER-CHECK-IN || The customer of Order |1| has checked-in
[2024-07-08 13:10:12,304] || ORDER-CHECK-OUT || The customer of Order |1| has checked-out
[2024-07-08 13:10:58,921] || ORDER-CHECK-OUT-CANCEL || The customer of Order |1| checked-out CANCELED
[2024-07-08 13:11:26,945] || ORDER-CHECK-IN-CANCEL || The customer of Order |1| checked-in CANCELED
[2024-07-08 18:49:41,581] || ORDER-UPDATE || Order |11| has been updated
